<?xml version="1.0" encoding="UTF-8"?>
<testsuite xmlns:xsi="http://www.w3.org/2001/XMLSchema-instance" xsi:noNamespaceSchemaLocation="https://maven.apache.org/surefire/maven-surefire-plugin/xsd/surefire-test-report-3.0.xsd" version="3.0" name="TestSuite" time="24.268" tests="4" errors="0" skipped="0" failures="0">
  <properties>
[...]
</properties>
  <testcase name="runScenario[&quot;Login with multiple credentials&quot;, &quot;ParaBank Login Functionality&quot;](1)" classname="runners.TestRunner" time="7.944">
    <system-out><![CDATA[Feature file generated successfully from Excel!

Scenario Outline: Login with multiple credentials                                                           &amp#27;[90m# src/test/resources/features/login.feature:14&amp#27;[0m
  &amp#27;[32mGiven &amp#27;[0m&amp#27;[32muser is on the ParaBank login page &amp#27;[0m&amp#27;[32m&amp#27;[1m"https://parabank.parasoft.com/parabank/index.htm?ConnType=JDBC"&amp#27;[0m &amp#27;[90m# stepdefinitions.LoginSteps.user_is_on_login_page(java.lang.String)&amp#27;[0m
  &amp#27;[32mWhen &amp#27;[0m&amp#27;[32muser enters username &amp#27;[0m&amp#27;[32m&amp#27;[1m"john"&amp#27;[0m                                                                          &amp#27;[90m# stepdefinitions.LoginSteps.user_enters_username(java.lang.String)&amp#27;[0m
  &amp#27;[32mAnd &amp#27;[0m&amp#27;[32muser enters password &amp#27;[0m&amp#27;[32m&amp#27;[1m"demo"&amp#27;[0m                                                                           &amp#27;[90m# stepdefinitions.LoginSteps.user_enters_password(java.lang.String)&amp#27;[0m
  &amp#27;[32mAnd &amp#27;[0m&amp#27;[32muser clicks on login button&amp#27;[0m                                                                           &amp#27;[90m# stepdefinitions.LoginSteps.user_clicks_on_login_button()&amp#27;[0m
  &amp#27;[32mThen &amp#27;[0m&amp#27;[32mlogin should be &amp#27;[0m&amp#27;[32m&amp#27;[1m"success"&amp#27;[0m                                                                            &amp#27;[90m# stepdefinitions.LoginSteps.login_should_be(java.lang.String)&amp#27;[0m
]]></system-out>
    <system-err><![CDATA[SLF4J: Failed to load class "org.slf4j.impl.StaticLoggerBinder".
SLF4J: Defaulting to no-operation (NOP) logger implementation
SLF4J: See http://www.slf4j.org/codes.html#StaticLoggerBinder for further details.
ERROR StatusLogger Log4j2 could not find a logging implementation. Please add log4j-core to the classpath. Using SimpleLogger to log to the console...
java.io.IOException: Cannot run program "jmeter": CreateProcess error=2, The system cannot find the file specified
	at java.base/java.lang.ProcessBuilder.start(ProcessBuilder.java:1143)
	at java.base/java.lang.ProcessBuilder.start(ProcessBuilder.java:1073)
	at utils.JMeterRunner.runJMeterTest(JMeterRunner.java:26)
	at runners.TestRunner.runPerformanceTest(TestRunner.java:23)
	at java.base/jdk.internal.reflect.NativeMethodAccessorImpl.invoke0(Native Method)
	at java.base/jdk.internal.reflect.NativeMethodAccessorImpl.invoke(NativeMethodAccessorImpl.java:77)
	at java.base/jdk.internal.reflect.DelegatingMethodAccessorImpl.invoke(DelegatingMethodAccessorImpl.java:43)
	at java.base/java.lang.reflect.Method.invoke(Method.java:569)
	at org.testng.internal.invokers.MethodInvocationHelper.invokeMethod(MethodInvocationHelper.java:141)
	at org.testng.internal.invokers.MethodInvocationHelper.invokeMethodConsideringTimeout(MethodInvocationHelper.java:71)
	at org.testng.internal.invokers.ConfigInvoker.invokeConfigurationMethod(ConfigInvoker.java:400)
	at org.testng.internal.invokers.ConfigInvoker.invokeConfigurations(ConfigInvoker.java:333)
	at org.testng.SuiteRunner.privateRun(SuiteRunner.java:358)
	at org.testng.SuiteRunner.run(SuiteRunner.java:312)
	at org.testng.SuiteRunnerWorker.runSuite(SuiteRunnerWorker.java:52)
	at org.testng.SuiteRunnerWorker.run(SuiteRunnerWorker.java:95)
	at org.testng.TestNG.runSuitesSequentially(TestNG.java:1274)
	at org.testng.TestNG.runSuitesLocally(TestNG.java:1208)
	at org.testng.TestNG.runSuites(TestNG.java:1112)
	at org.testng.TestNG.run(TestNG.java:1079)
	at org.apache.maven.surefire.testng.TestNGExecutor.run(TestNGExecutor.java:155)
	at org.apache.maven.surefire.testng.TestNGDirectoryTestSuite.executeMulti(TestNGDirectoryTestSuite.java:169)
	at org.apache.maven.surefire.testng.TestNGDirectoryTestSuite.execute(TestNGDirectoryTestSuite.java:88)
	at org.apache.maven.surefire.testng.TestNGProvider.invoke(TestNGProvider.java:137)
	at org.apache.maven.surefire.booter.ForkedBooter.runSuitesInProcess(ForkedBooter.java:385)
	at org.apache.maven.surefire.booter.ForkedBooter.execute(ForkedBooter.java:162)
	at org.apache.maven.surefire.booter.ForkedBooter.run(ForkedBooter.java:507)
	at org.apache.maven.surefire.booter.ForkedBooter.main(ForkedBooter.java:495)
Caused by: java.io.IOException: CreateProcess error=2, The system cannot find the file specified
	at java.base/java.lang.ProcessImpl.create(Native Method)
	at java.base/java.lang.ProcessImpl.<init>(ProcessImpl.java:505)
	at java.base/java.lang.ProcessImpl.start(ProcessImpl.java:158)
	at java.base/java.lang.ProcessBuilder.start(ProcessBuilder.java:1110)
	... 27 more
Apr 24, 2026 12:22:50 AM org.openqa.selenium.remote.tracing.opentelemetry.OpenTelemetryTracer createTracer
INFO: Using OpenTelemetry for tracing
]]></system-err>
  </testcase>
  <testcase name="runScenario[&quot;Login with multiple credentials&quot;, &quot;ParaBank Login Functionality&quot;](2)" classname="runners.TestRunner" time="5.059">
    <system-out><![CDATA[
Scenario Outline: Login with multiple credentials                                                           &amp#27;[90m# src/test/resources/features/login.feature:15&amp#27;[0m
  &amp#27;[32mGiven &amp#27;[0m&amp#27;[32muser is on the ParaBank login page &amp#27;[0m&amp#27;[32m&amp#27;[1m"https://parabank.parasoft.com/parabank/index.htm?ConnType=JDBC"&amp#27;[0m &amp#27;[90m# stepdefinitions.LoginSteps.user_is_on_login_page(java.lang.String)&amp#27;[0m
  &amp#27;[32mWhen &amp#27;[0m&amp#27;[32muser enters username &amp#27;[0m&amp#27;[32m&amp#27;[1m"invalid"&amp#27;[0m                                                                       &amp#27;[90m# stepdefinitions.LoginSteps.user_enters_username(java.lang.String)&amp#27;[0m
  &amp#27;[32mAnd &amp#27;[0m&amp#27;[32muser enters password &amp#27;[0m&amp#27;[32m&amp#27;[1m""&amp#27;[0m                                                                               &amp#27;[90m# stepdefinitions.LoginSteps.user_enters_password(java.lang.String)&amp#27;[0m
  &amp#27;[32mAnd &amp#27;[0m&amp#27;[32muser clicks on login button&amp#27;[0m                                                                           &amp#27;[90m# stepdefinitions.LoginSteps.user_clicks_on_login_button()&amp#27;[0m
  &amp#27;[32mThen &amp#27;[0m&amp#27;[32mlogin should be &amp#27;[0m&amp#27;[32m&amp#27;[1m"failure"&amp#27;[0m                                                                            &amp#27;[90m# stepdefinitions.LoginSteps.login_should_be(java.lang.String)&amp#27;[0m
]]></system-out>
  </testcase>
  <testcase name="runScenario[&quot;Login with multiple credentials&quot;, &quot;ParaBank Login Functionality&quot;](3)" classname="runners.TestRunner" time="4.976">
    <system-out><![CDATA[
Scenario Outline: Login with multiple credentials                                                           &amp#27;[90m# src/test/resources/features/login.feature:16&amp#27;[0m
  &amp#27;[32mGiven &amp#27;[0m&amp#27;[32muser is on the ParaBank login page &amp#27;[0m&amp#27;[32m&amp#27;[1m"https://parabank.parasoft.com/parabank/index.htm?ConnType=JDBC"&amp#27;[0m &amp#27;[90m# stepdefinitions.LoginSteps.user_is_on_login_page(java.lang.String)&amp#27;[0m
  &amp#27;[32mWhen &amp#27;[0m&amp#27;[32muser enters username &amp#27;[0m&amp#27;[32m&amp#27;[1m""&amp#27;[0m                                                                              &amp#27;[90m# stepdefinitions.LoginSteps.user_enters_username(java.lang.String)&amp#27;[0m
  &amp#27;[32mAnd &amp#27;[0m&amp#27;[32muser enters password &amp#27;[0m&amp#27;[32m&amp#27;[1m"demo"&amp#27;[0m                                                                           &amp#27;[90m# stepdefinitions.LoginSteps.user_enters_password(java.lang.String)&amp#27;[0m
  &amp#27;[32mAnd &amp#27;[0m&amp#27;[32muser clicks on login button&amp#27;[0m                                                                           &amp#27;[90m# stepdefinitions.LoginSteps.user_clicks_on_login_button()&amp#27;[0m
  &amp#27;[32mThen &amp#27;[0m&amp#27;[32mlogin should be &amp#27;[0m&amp#27;[32m&amp#27;[1m"failure"&amp#27;[0m                                                                            &amp#27;[90m# stepdefinitions.LoginSteps.login_should_be(java.lang.String)&amp#27;[0m
]]></system-out>
  </testcase>
  <testcase name="runScenario[&quot;Login with multiple credentials&quot;, &quot;ParaBank Login Functionality&quot;](4)" classname="runners.TestRunner" time="4.161">
    <system-out><![CDATA[
Scenario Outline: Login with multiple credentials                                                           &amp#27;[90m# src/test/resources/features/login.feature:17&amp#27;[0m
  &amp#27;[32mGiven &amp#27;[0m&amp#27;[32muser is on the ParaBank login page &amp#27;[0m&amp#27;[32m&amp#27;[1m"https://parabank.parasoft.com/parabank/index.htm?ConnType=JDBC"&amp#27;[0m &amp#27;[90m# stepdefinitions.LoginSteps.user_is_on_login_page(java.lang.String)&amp#27;[0m
  &amp#27;[32mWhen &amp#27;[0m&amp#27;[32muser enters username &amp#27;[0m&amp#27;[32m&amp#27;[1m""&amp#27;[0m                                                                              &amp#27;[90m# stepdefinitions.LoginSteps.user_enters_username(java.lang.String)&amp#27;[0m
  &amp#27;[32mAnd &amp#27;[0m&amp#27;[32muser enters password &amp#27;[0m&amp#27;[32m&amp#27;[1m""&amp#27;[0m                                                                               &amp#27;[90m# stepdefinitions.LoginSteps.user_enters_password(java.lang.String)&amp#27;[0m
  &amp#27;[32mAnd &amp#27;[0m&amp#27;[32muser clicks on login button&amp#27;[0m                                                                           &amp#27;[90m# stepdefinitions.LoginSteps.user_clicks_on_login_button()&amp#27;[0m
  &amp#27;[32mThen &amp#27;[0m&amp#27;[32mlogin should be &amp#27;[0m&amp#27;[32m&amp#27;[1m"failure"&amp#27;[0m                                                                            &amp#27;[90m# stepdefinitions.LoginSteps.login_should_be(java.lang.String)&amp#27;[0m
]]></system-out>
  </testcase>
</testsuite>