<?xml version="1.0" encoding="UTF-8"?>
<testng-results ignored="0" total="4" passed="4" failed="0" skipped="0">
  <reporter-output>
  </reporter-output>
  <suite started-at="2026-04-24T00:22:49 IST" name="Surefire suite" finished-at="2026-04-24T00:23:12 IST" duration-ms="22702">
    <groups>
      <group name="cucumber">
        <method signature="AbstractTestNGCucumberTests.runScenario(io.cucumber.testng.PickleWrapper,io.cucumber.testng.FeatureWrapper)[pri:0, instance:runners.TestRunner@188715b5]" name="runScenario" class="io.cucumber.testng.AbstractTestNGCucumberTests"/>
      </group> <!-- cucumber -->
    </groups>
    <test started-at="2026-04-24T00:22:49 IST" name="Surefire test" finished-at="2026-04-24T00:23:12 IST" duration-ms="22702">
      <class name="runners.TestRunner">
        <test-method is-config="true" signature="generateFeature()[pri:0, instance:runners.TestRunner@188715b5]" started-at="2026-04-24T00:22:48 IST" name="generateFeature" finished-at="2026-04-24T00:22:49 IST" duration-ms="986" status="PASS">
          <reporter-output>
          </reporter-output>
        </test-method> <!-- generateFeature -->
        <test-method is-config="true" signature="runPerformanceTest()[pri:0, instance:runners.TestRunner@188715b5]" started-at="2026-04-24T00:22:49 IST" name="runPerformanceTest" finished-at="2026-04-24T00:22:49 IST" duration-ms="13" status="PASS">
          <reporter-output>
          </reporter-output>
        </test-method> <!-- runPerformanceTest -->
        <test-method is-config="true" signature="setUpClass(org.testng.ITestContext)[pri:0, instance:runners.TestRunner@188715b5]" started-at="2026-04-24T00:22:49 IST" name="setUpClass" finished-at="2026-04-24T00:22:50 IST" duration-ms="513" status="PASS">
          <params>
            <param index="0">
              <value>
                <![CDATA[org.testng.TestRunner@6a1d526c]]>
              </value>
            </param>
          </params>
          <reporter-output>
          </reporter-output>
        </test-method> <!-- setUpClass -->
        <test-method signature="runScenario(io.cucumber.testng.PickleWrapper,io.cucumber.testng.FeatureWrapper)[pri:0, instance:runners.TestRunner@188715b5]" started-at="2026-04-24T00:22:50 IST" name="runScenario" description="Runs Cucumber Scenarios" data-provider="scenarios" finished-at="2026-04-24T00:22:58 IST" duration-ms="7942" status="PASS">
          <params>
            <param index="0">
              <value>
                <![CDATA["Login with multiple credentials"]]>
              </value>
            </param>
            <param index="1">
              <value>
                <![CDATA["ParaBank Login Functionality"]]>
              </value>
            </param>
          </params>
          <reporter-output>
          </reporter-output>
        </test-method> <!-- runScenario -->
        <test-method signature="runScenario(io.cucumber.testng.PickleWrapper,io.cucumber.testng.FeatureWrapper)[pri:0, instance:runners.TestRunner@188715b5]" started-at="2026-04-24T00:22:58 IST" name="runScenario" description="Runs Cucumber Scenarios" data-provider="scenarios" finished-at="2026-04-24T00:23:03 IST" duration-ms="5061" status="PASS">
          <params>
            <param index="0">
              <value>
                <![CDATA["Login with multiple credentials"]]>
              </value>
            </param>
            <param index="1">
              <value>
                <![CDATA["ParaBank Login Functionality"]]>
              </value>
            </param>
          </params>
          <reporter-output>
          </reporter-output>
        </test-method> <!-- runScenario -->
        <test-method signature="runScenario(io.cucumber.testng.PickleWrapper,io.cucumber.testng.FeatureWrapper)[pri:0, instance:runners.TestRunner@188715b5]" started-at="2026-04-24T00:23:03 IST" name="runScenario" description="Runs Cucumber Scenarios" data-provider="scenarios" finished-at="2026-04-24T00:23:08 IST" duration-ms="4972" status="PASS">
          <params>
            <param index="0">
              <value>
                <![CDATA["Login with multiple credentials"]]>
              </value>
            </param>
            <param index="1">
              <value>
                <![CDATA["ParaBank Login Functionality"]]>
              </value>
            </param>
          </params>
          <reporter-output>
          </reporter-output>
        </test-method> <!-- runScenario -->
        <test-method signature="runScenario(io.cucumber.testng.PickleWrapper,io.cucumber.testng.FeatureWrapper)[pri:0, instance:runners.TestRunner@188715b5]" started-at="2026-04-24T00:23:08 IST" name="runScenario" description="Runs Cucumber Scenarios" data-provider="scenarios" finished-at="2026-04-24T00:23:12 IST" duration-ms="4168" status="PASS">
          <params>
            <param index="0">
              <value>
                <![CDATA["Login with multiple credentials"]]>
              </value>
            </param>
            <param index="1">
              <value>
                <![CDATA["ParaBank Login Functionality"]]>
              </value>
            </param>
          </params>
          <reporter-output>
          </reporter-output>
        </test-method> <!-- runScenario -->
        <test-method is-config="true" signature="tearDownClass()[pri:0, instance:runners.TestRunner@188715b5]" started-at="2026-04-24T00:23:12 IST" name="tearDownClass" finished-at="2026-04-24T00:23:12 IST" duration-ms="2" status="PASS">
          <reporter-output>
          </reporter-output>
        </test-method> <!-- tearDownClass -->
      </class> <!-- runners.TestRunner -->
    </test> <!-- Surefire test -->
  </suite> <!-- Surefire suite -->
</testng-results>
