<?xml version="1.0" encoding="UTF-8"?>
<!-- Generated by org.testng.reporters.JUnitReportReporter -->
<testsuite hostname="LAPTOP-R5N22Q9E" failures="0" tests="4" name="runners.TestRunner" time="22.143" errors="0" timestamp="2026-04-24T00:23:12 IST" skipped="0">
  <testcase classname="runners.TestRunner" name="runScenario" time="7.942"/>
  <testcase classname="runners.TestRunner" name="runScenario" time="4.168"/>
  <testcase classname="runners.TestRunner" name="runScenario" time="5.061"/>
  <testcase classname="runners.TestRunner" name="runScenario" time="4.972"/>
</testsuite> <!-- runners.TestRunner -->
